2022-08-18 16:02:39,336 - root - INFO - adasd
2022-08-18 16:05:55,710 - root - INFO : fjdaflkasjflkasjfklasjflkasfj
2022-08-18 17:07:30,417 - root - INFO : ~~~~~~~~~~测试开始执行~~~~~~~~~~
2022-08-18 17:07:31,547 - root - INFO : 执行测试用例数据：抖音
2022-08-18 17:07:35,155 - root - INFO : ,查找页面元素:('id', 'kw')
2022-08-18 17:07:35,205 - root - INFO : ,等待页面元素:('id', 'kw'):可见，共耗时0s 
2022-08-18 17:07:35,250 - root - INFO : ,查找页面元素:('id', 'su')
2022-08-18 17:07:35,268 - root - INFO : ,等待页面元素:('id', 'su'):可见，共耗时0s 
2022-08-18 17:07:38,323 - root - INFO : 执行测试用例数据：微博
2022-08-18 17:07:41,504 - root - INFO : ,查找页面元素:('id', 'kw')
2022-08-18 17:07:41,517 - root - INFO : ,等待页面元素:('id', 'kw'):可见，共耗时0s 
2022-08-18 17:07:41,554 - root - INFO : ,查找页面元素:('id', 'su')
2022-08-18 17:07:41,567 - root - INFO : ,等待页面元素:('id', 'su'):可见，共耗时0s 
2022-08-18 17:07:44,608 - root - INFO : ~~~~~~~~~~测试结束执行~~~~~~~~~~
2022-08-18 17:50:21,510 - root - INFO : ~~~~~~~~~~测试开始执行~~~~~~~~~~
2022-08-18 17:50:24,603 - root - INFO : 执行测试用例数据：抖音
2022-08-18 17:50:28,214 - root - INFO : ,查找页面元素:('id', 'kw')
2022-08-18 17:50:28,233 - root - INFO : ,等待页面元素:('id', 'kw'):可见，共耗时0s 
2022-08-18 17:50:28,279 - root - INFO : ,查找页面元素:('id', 'su')
2022-08-18 17:50:28,300 - root - INFO : ,等待页面元素:('id', 'su'):可见，共耗时0s 
2022-08-18 17:50:31,373 - root - INFO : 执行测试用例数据：微博
2022-08-18 17:50:34,550 - root - INFO : ,查找页面元素:('id', 'kw')
2022-08-18 17:50:34,564 - root - INFO : ,等待页面元素:('id', 'kw'):可见，共耗时0s 
2022-08-18 17:50:34,603 - root - INFO : ,查找页面元素:('id', 'su')
2022-08-18 17:50:34,618 - root - INFO : ,等待页面元素:('id', 'su'):可见，共耗时0s 
2022-08-18 17:50:37,663 - root - INFO : ~~~~~~~~~~测试结束执行~~~~~~~~~~
2022-08-18 17:58:50,787 - root - INFO : ~~~~~~~~~~测试开始执行~~~~~~~~~~
2022-08-18 17:58:53,884 - root - INFO : 执行测试用例数据：抖音
2022-08-18 17:58:57,869 - root - INFO : ,查找页面元素:('id', 'kw')
2022-08-18 17:58:57,887 - root - INFO : ,等待页面元素:('id', 'kw'):可见，共耗时0s 
2022-08-18 17:58:57,934 - root - INFO : ,查找页面元素:('id', 'su')
2022-08-18 17:58:57,954 - root - INFO : ,等待页面元素:('id', 'su'):可见，共耗时0s 
2022-08-18 17:59:01,013 - root - INFO : 执行测试用例数据：微博热搜
2022-08-18 17:59:04,194 - root - INFO : ,查找页面元素:('id', 'kw')
2022-08-18 17:59:04,208 - root - INFO : ,等待页面元素:('id', 'kw'):可见，共耗时0s 
2022-08-18 17:59:04,254 - root - INFO : ,查找页面元素:('id', 'su')
2022-08-18 17:59:04,268 - root - INFO : ,等待页面元素:('id', 'su'):可见，共耗时0s 
2022-08-18 17:59:07,321 - root - INFO : 执行测试用例数据：腾讯视频
2022-08-18 17:59:10,497 - root - INFO : ,查找页面元素:('id', 'kw')
2022-08-18 17:59:10,512 - root - INFO : ,等待页面元素:('id', 'kw'):可见，共耗时0s 
2022-08-18 17:59:10,556 - root - INFO : ,查找页面元素:('id', 'su')
2022-08-18 17:59:10,570 - root - INFO : ,等待页面元素:('id', 'su'):可见，共耗时0s 
2022-08-18 17:59:13,623 - root - INFO : ~~~~~~~~~~测试结束执行~~~~~~~~~~
2022-08-18 18:01:18,702 - root - INFO : ~~~~~~~~~~测试开始执行~~~~~~~~~~
2022-08-18 18:01:21,777 - root - INFO : 执行测试用例数据：抖音
2022-08-18 18:01:26,041 - root - INFO : ,查找页面元素:('id', 'kw')
2022-08-18 18:01:26,060 - root - INFO : ,等待页面元素:('id', 'kw'):可见，共耗时0s 
2022-08-18 18:01:26,107 - root - INFO : ,查找页面元素:('id', 'su')
2022-08-18 18:01:26,126 - root - INFO : ,等待页面元素:('id', 'su'):可见，共耗时0s 
2022-08-18 18:01:29,194 - root - INFO : 执行测试用例数据：微博热搜
2022-08-18 18:01:32,373 - root - INFO : ,查找页面元素:('id', 'kw')
2022-08-18 18:01:32,387 - root - INFO : ,等待页面元素:('id', 'kw'):可见，共耗时0s 
2022-08-18 18:01:32,433 - root - INFO : ,查找页面元素:('id', 'su')
2022-08-18 18:01:32,447 - root - INFO : ,等待页面元素:('id', 'su'):可见，共耗时0s 
2022-08-18 18:01:35,496 - root - INFO : 执行测试用例数据：腾讯视频
2022-08-18 18:01:38,684 - root - INFO : ,查找页面元素:('id', 'kw')
2022-08-18 18:01:38,698 - root - INFO : ,等待页面元素:('id', 'kw'):可见，共耗时0s 
2022-08-18 18:01:38,744 - root - INFO : ,查找页面元素:('id', 'su')
2022-08-18 18:01:38,759 - root - INFO : ,等待页面元素:('id', 'su'):可见，共耗时0s 
2022-08-18 18:01:41,805 - root - INFO : ~~~~~~~~~~测试结束执行~~~~~~~~~~
